[debug] [2019-07-19T05:08:57.370Z] ----------------------------------------------------------------------
[debug] [2019-07-19T05:08:57.372Z] Command:       /usr/local/bin/node /usr/local/bin/firebase serve --only functions,hosting
[debug] [2019-07-19T05:08:57.372Z] CLI Version:   6.6.0
[debug] [2019-07-19T05:08:57.372Z] Platform:      darwin
[debug] [2019-07-19T05:08:57.372Z] Node Version:  v10.14.1
[debug] [2019-07-19T05:08:57.378Z] Time:          Fri Jul 19 2019 14:08:57 GMT+0900 (Korean Standard Time)
[debug] [2019-07-19T05:08:57.379Z] ----------------------------------------------------------------------
[debug] 
[debug] [2019-07-19T05:08:57.394Z] > command requires scopes: ["email","openid","https://www.googleapis.com/auth/cloudplatformprojects.readonly","https://www.googleapis.com/auth/firebase","https://www.googleapis.com/auth/cloud-platform"]
[debug] [2019-07-19T05:08:57.394Z] > authorizing via signed-in user
[debug] [2019-07-19T05:08:57.394Z] [iam] checking project poppeg-95e96 for permissions ["firebase.projects.get"]
[debug] [2019-07-19T05:08:57.396Z] > refreshing access token with scopes: ["email","https://www.googleapis.com/auth/cloud-platform","https://www.googleapis.com/auth/cloudplatformprojects.readonly","https://www.googleapis.com/auth/firebase","openid"]
[debug] [2019-07-19T05:08:57.396Z] >>> HTTP REQUEST POST https://www.googleapis.com/oauth2/v3/token  
 <request body omitted>
[debug] [2019-07-19T05:08:57.683Z] <<< HTTP RESPONSE 200
[debug] [2019-07-19T05:08:57.692Z] >>> HTTP REQUEST POST https://cloudresourcemanager.googleapis.com/v1/projects/poppeg-95e96:testIamPermissions  

[debug] [2019-07-19T05:08:58.609Z] <<< HTTP RESPONSE 200
[debug] [2019-07-19T05:08:58.612Z] >>> HTTP REQUEST GET https://cloudresourcemanager.googleapis.com/v1/projects/poppeg-95e96  
 
[debug] [2019-07-19T05:08:59.418Z] <<< HTTP RESPONSE 200
[info] 
[info] === Serving from '/Users/clarencekoh/Desktop/poppeg/POPPEG'...
[info] 
[info] i  functions: Preparing to emulate functions.
[debug] [2019-07-19T05:09:00.266Z] Fetching environment
[debug] [2019-07-19T05:09:00.268Z] >>> HTTP REQUEST GET https://mobilesdk-pa.googleapis.com/v1/projects/723639879254:getServerAppConfig  
 
[debug] [2019-07-19T05:09:00.268Z] >>> HTTP REQUEST GET https://mobilesdk-pa.googleapis.com/v1/projects/723639879254/clients/_:getWebAppConfig  
 
[debug] [2019-07-19T05:09:01.173Z] <<< HTTP RESPONSE 200
[debug] [2019-07-19T05:09:01.174Z] Starting @google-cloud/functions-emulator
[debug] [2019-07-19T05:09:01.188Z] <<< HTTP RESPONSE 200
[info] i  hosting: Serving hosting files from: public
[info] ✔  hosting: Local server: http://localhost:5000
[debug] [2019-07-19T05:09:02.227Z] Parsing function triggers
[info] ✔  functions: app: http://localhost:5001/poppeg-95e96/us-central1/app
[info] [hosting] Rewriting /dashboard to local function app
[info] [hosting] Rewriting /dashboard to local function app
[info] [hosting] Rewriting /dashboard to local function app
